INFO:root:Fetching DOIs for 2021-10-04...
INFO:root:Fetching DOIs for 2021-10-04...
INFO:root:Fetching DOIs for 2021-10-04...
INFO:root:Fetching DOIs for 2021-10-04...
INFO:root:Fetching DOIs for 2021-10-04...
INFO:root:Fetching DOIs for 2021-10-04...
INFO:root:Fetching DOIs for 2021-10-04...
WARNING:root:Fetch error: <urlopen error [WinError 10060] Попытка установить соединение была безуспешной, т.к. от другого компьютера за требуемое время не получен нужный отклик, или было разорвано уже установленное соединение из-за неверного отклика уже подключенного компьютера>
WARNING:root:Complete URL: https://api.crossref.org/works?filter=from-update-date%3A2021-10-04%2Cuntil-update-date%3A2021-10-04&rows=20&mailto=serg%40msu.ru&cursor=%2A
WARNING:root:Waiting for 10 seconds before next download attempt.
INFO:root:Fetching DOIs for 2021-10-04...
INFO:root:Fetching DOIs for 2021-10-04...
WARNING:root:Fetch error: <urlopen error [WinError 10060] Попытка установить соединение была безуспешной, т.к. от другого компьютера за требуемое время не получен нужный отклик, или было разорвано уже установленное соединение из-за неверного отклика уже подключенного компьютера>
WARNING:root:Complete URL: https://api.crossref.org/works?filter=from-update-date%3A2021-10-04%2Cuntil-update-date%3A2021-10-04&rows=20&mailto=serg%40msu.ru&cursor=%2A
WARNING:root:Waiting for 10 seconds before next download attempt.
INFO:root:Fetching DOIs for 2021-10-04...
WARNING:root:Fetch error: <urlopen error [WinError 10060] Попытка установить соединение была безуспешной, т.к. от другого компьютера за требуемое время не получен нужный отклик, или было разорвано уже установленное соединение из-за неверного отклика уже подключенного компьютера>
WARNING:root:Complete URL: https://api.crossref.org/works?filter=from-update-date%3A2021-10-04%2Cuntil-update-date%3A2021-10-04&rows=20&mailto=serg%40msu.ru&cursor=%2A
WARNING:root:Waiting for 10 seconds before next download attempt.
INFO:root:Fetching DOIs for 2021-10-04...
WARNING:root:Fetch error: <urlopen error [WinError 10060] Попытка установить соединение была безуспешной, т.к. от другого компьютера за требуемое время не получен нужный отклик, или было разорвано уже установленное соединение из-за неверного отклика уже подключенного компьютера>
WARNING:root:Complete URL: https://api.crossref.org/works?filter=from-update-date%3A2021-10-04%2Cuntil-update-date%3A2021-10-04&rows=20&mailto=serg%40msu.ru&cursor=%2A
WARNING:root:Waiting for 10 seconds before next download attempt.
INFO:root:Fetching DOIs for 2021-10-04...
WARNING:root:Fetch error: <urlopen error [WinError 10060] Попытка установить соединение была безуспешной, т.к. от другого компьютера за требуемое время не получен нужный отклик, или было разорвано уже установленное соединение из-за неверного отклика уже подключенного компьютера>
WARNING:root:Complete URL: https://api.crossref.org/works?filter=from-update-date%3A2021-10-04%2Cuntil-update-date%3A2021-10-04&rows=20&mailto=serg%40msu.ru&cursor=%2A
WARNING:root:Waiting for 10 seconds before next download attempt.
INFO:root:Fetching DOIs for 2021-10-04...
INFO:root:Fetching DOIs for 2021-10-04...
INFO:root:Fetching DOIs for 2021-10-04...
INFO:root:Next cursor: DnF1ZXJ5VGhlbkZldGNoBgAAAAACJGNGFmRDSk83YktTVFlHc1VwRGREbXNvX3cAAAAAAl6xhRZHT0JTOXM1MFJLTzRkQ1ppREItTnZBAAAAAAJT9FQWc3g4bzY3bndRdk9qMGlqbnJhamRBdwAAAAACMNnyFmZJQ3YwNEZEUndxYmpuX0w1ckFocVEAAAAAAh2t1xZVdGUtblVmbFRkU2tPMXJ3b1A0QnJBAAAAAAOnKb4WaTc1SVpxYkRUR200OEhrd01IMG9kQQ==
INFO:root:Next cursor: DnF1ZXJ5VGhlbkZldGNoBgAAAAACJGNGFmRDSk83YktTVFlHc1VwRGREbXNvX3cAAAAAAl6xhRZHT0JTOXM1MFJLTzRkQ1ppREItTnZBAAAAAAJT9FQWc3g4bzY3bndRdk9qMGlqbnJhamRBdwAAAAACMNnyFmZJQ3YwNEZEUndxYmpuX0w1ckFocVEAAAAAAh2t1xZVdGUtblVmbFRkU2tPMXJ3b1A0QnJBAAAAAAOnKb4WaTc1SVpxYkRUR200OEhrd01IMG9kQQ==
INFO:root:Next cursor: DnF1ZXJ5VGhlbkZldGNoBgAAAAACJGNGFmRDSk83YktTVFlHc1VwRGREbXNvX3cAAAAAAl6xhRZHT0JTOXM1MFJLTzRkQ1ppREItTnZBAAAAAAJT9FQWc3g4bzY3bndRdk9qMGlqbnJhamRBdwAAAAACMNnyFmZJQ3YwNEZEUndxYmpuX0w1ckFocVEAAAAAAh2t1xZVdGUtblVmbFRkU2tPMXJ3b1A0QnJBAAAAAAOnKb4WaTc1SVpxYkRUR200OEhrd01IMG9kQQ==
INFO:root:Next cursor: DnF1ZXJ5VGhlbkZldGNoBgAAAAACJGNGFmRDSk83YktTVFlHc1VwRGREbXNvX3cAAAAAAl6xhRZHT0JTOXM1MFJLTzRkQ1ppREItTnZBAAAAAAJT9FQWc3g4bzY3bndRdk9qMGlqbnJhamRBdwAAAAACMNnyFmZJQ3YwNEZEUndxYmpuX0w1ckFocVEAAAAAAh2t1xZVdGUtblVmbFRkU2tPMXJ3b1A0QnJBAAAAAAOnKb4WaTc1SVpxYkRUR200OEhrd01IMG9kQQ==
INFO:root:Next cursor: DnF1ZXJ5VGhlbkZldGNoBgAAAAACJGNGFmRDSk83YktTVFlHc1VwRGREbXNvX3cAAAAAAl6xhRZHT0JTOXM1MFJLTzRkQ1ppREItTnZBAAAAAAJT9FQWc3g4bzY3bndRdk9qMGlqbnJhamRBdwAAAAACMNnyFmZJQ3YwNEZEUndxYmpuX0w1ckFocVEAAAAAAh2t1xZVdGUtblVmbFRkU2tPMXJ3b1A0QnJBAAAAAAOnKb4WaTc1SVpxYkRUR200OEhrd01IMG9kQQ==
INFO:root:Next cursor: DnF1ZXJ5VGhlbkZldGNoBgAAAAACJGNGFmRDSk83YktTVFlHc1VwRGREbXNvX3cAAAAAAl6xhRZHT0JTOXM1MFJLTzRkQ1ppREItTnZBAAAAAAJT9FQWc3g4bzY3bndRdk9qMGlqbnJhamRBdwAAAAACMNnyFmZJQ3YwNEZEUndxYmpuX0w1ckFocVEAAAAAAh2t1xZVdGUtblVmbFRkU2tPMXJ3b1A0QnJBAAAAAAOnKb4WaTc1SVpxYkRUR200OEhrd01IMG9kQQ==
INFO:root:Next cursor: DnF1ZXJ5VGhlbkZldGNoBgAAAAACJGNGFmRDSk83YktTVFlHc1VwRGREbXNvX3cAAAAAAl6xhRZHT0JTOXM1MFJLTzRkQ1ppREItTnZBAAAAAAJT9FQWc3g4bzY3bndRdk9qMGlqbnJhamRBdwAAAAACMNnyFmZJQ3YwNEZEUndxYmpuX0w1ckFocVEAAAAAAh2t1xZVdGUtblVmbFRkU2tPMXJ3b1A0QnJBAAAAAAOnKb4WaTc1SVpxYkRUR200OEhrd01IMG9kQQ==
INFO:root:Next cursor: DnF1ZXJ5VGhlbkZldGNoBgAAAAACJGNGFmRDSk83YktTVFlHc1VwRGREbXNvX3cAAAAAAl6xhRZHT0JTOXM1MFJLTzRkQ1ppREItTnZBAAAAAAJT9FQWc3g4bzY3bndRdk9qMGlqbnJhamRBdwAAAAACMNnyFmZJQ3YwNEZEUndxYmpuX0w1ckFocVEAAAAAAh2t1xZVdGUtblVmbFRkU2tPMXJ3b1A0QnJBAAAAAAOnKb4WaTc1SVpxYkRUR200OEhrd01IMG9kQQ==
INFO:root:Next cursor: DnF1ZXJ5VGhlbkZldGNoBgAAAAACJGNGFmRDSk83YktTVFlHc1VwRGREbXNvX3cAAAAAAl6xhRZHT0JTOXM1MFJLTzRkQ1ppREItTnZBAAAAAAJT9FQWc3g4bzY3bndRdk9qMGlqbnJhamRBdwAAAAACMNnyFmZJQ3YwNEZEUndxYmpuX0w1ckFocVEAAAAAAh2t1xZVdGUtblVmbFRkU2tPMXJ3b1A0QnJBAAAAAAOnKb4WaTc1SVpxYkRUR200OEhrd01IMG9kQQ==
INFO:root:Fetching DOIs for 2021-10-04...
INFO:root:Fetching DOIs for 2021-10-04...
INFO:root:Next cursor: DnF1ZXJ5VGhlbkZldGNoBgAAAAACJGXuFmRDSk83YktTVFlHc1VwRGREbXNvX3cAAAAAAl60URZHT0JTOXM1MFJLTzRkQ1ppREItTnZBAAAAAAJT9woWc3g4bzY3bndRdk9qMGlqbnJhamRBdwAAAAACMNypFmZJQ3YwNEZEUndxYmpuX0w1ckFocVEAAAAAAh2wXhZVdGUtblVmbFRkU2tPMXJ3b1A0QnJBAAAAAAOnEZ0WMUl3VmJYbWxSaEtWYWFITENCNEVPQQ==
INFO:root:Next cursor: DnF1ZXJ5VGhlbkZldGNoBgAAAAACJGXuFmRDSk83YktTVFlHc1VwRGREbXNvX3cAAAAAAl60URZHT0JTOXM1MFJLTzRkQ1ppREItTnZBAAAAAAJT9woWc3g4bzY3bndRdk9qMGlqbnJhamRBdwAAAAACMNypFmZJQ3YwNEZEUndxYmpuX0w1ckFocVEAAAAAAh2wXhZVdGUtblVmbFRkU2tPMXJ3b1A0QnJBAAAAAAOnEZ0WMUl3VmJYbWxSaEtWYWFITENCNEVPQQ==
INFO:root:Next cursor: DnF1ZXJ5VGhlbkZldGNoBgAAAAACJGXuFmRDSk83YktTVFlHc1VwRGREbXNvX3cAAAAAAl60URZHT0JTOXM1MFJLTzRkQ1ppREItTnZBAAAAAAJT9woWc3g4bzY3bndRdk9qMGlqbnJhamRBdwAAAAACMNypFmZJQ3YwNEZEUndxYmpuX0w1ckFocVEAAAAAAh2wXhZVdGUtblVmbFRkU2tPMXJ3b1A0QnJBAAAAAAOnEZ0WMUl3VmJYbWxSaEtWYWFITENCNEVPQQ==
INFO:root:Next cursor: DnF1ZXJ5VGhlbkZldGNoBgAAAAACJGXuFmRDSk83YktTVFlHc1VwRGREbXNvX3cAAAAAAl60URZHT0JTOXM1MFJLTzRkQ1ppREItTnZBAAAAAAJT9woWc3g4bzY3bndRdk9qMGlqbnJhamRBdwAAAAACMNypFmZJQ3YwNEZEUndxYmpuX0w1ckFocVEAAAAAAh2wXhZVdGUtblVmbFRkU2tPMXJ3b1A0QnJBAAAAAAOnEZ0WMUl3VmJYbWxSaEtWYWFITENCNEVPQQ==
INFO:root:Fetching DOIs for 2021-10-04...
INFO:root:Fetching DOIs for 2021-10-04...
INFO:root:Next cursor: DnF1ZXJ5VGhlbkZldGNoBgAAAAACJGiLFmRDSk83YktTVFlHc1VwRGREbXNvX3cAAAAAAl63ExZHT0JTOXM1MFJLTzRkQ1ppREItTnZBAAAAAAJT-cEWc3g4bzY3bndRdk9qMGlqbnJhamRBdwAAAAACMN9dFmZJQ3YwNEZEUndxYmpuX0w1ckFocVEAAAAAAh2y7BZVdGUtblVmbFRkU2tPMXJ3b1A0QnJBAAAAAAOnFiwWMUl3VmJYbWxSaEtWYWFITENCNEVPQQ==
INFO:root:Next cursor: DnF1ZXJ5VGhlbkZldGNoBgAAAAACJGiLFmRDSk83YktTVFlHc1VwRGREbXNvX3cAAAAAAl63ExZHT0JTOXM1MFJLTzRkQ1ppREItTnZBAAAAAAJT-cEWc3g4bzY3bndRdk9qMGlqbnJhamRBdwAAAAACMN9dFmZJQ3YwNEZEUndxYmpuX0w1ckFocVEAAAAAAh2y7BZVdGUtblVmbFRkU2tPMXJ3b1A0QnJBAAAAAAOnFiwWMUl3VmJYbWxSaEtWYWFITENCNEVPQQ==
INFO:root:Next cursor: DnF1ZXJ5VGhlbkZldGNoBgAAAAACJGiLFmRDSk83YktTVFlHc1VwRGREbXNvX3cAAAAAAl63ExZHT0JTOXM1MFJLTzRkQ1ppREItTnZBAAAAAAJT-cEWc3g4bzY3bndRdk9qMGlqbnJhamRBdwAAAAACMN9dFmZJQ3YwNEZEUndxYmpuX0w1ckFocVEAAAAAAh2y7BZVdGUtblVmbFRkU2tPMXJ3b1A0QnJBAAAAAAOnFiwWMUl3VmJYbWxSaEtWYWFITENCNEVPQQ==
INFO:root:Fetching DOIs for 2021-10-04...
INFO:root:Next cursor: DnF1ZXJ5VGhlbkZldGNoBgAAAAABvGUrFjdQU3hFX2o5UjItdFNsV01INy03ekEAAAAAAl64CRZHT0JTOXM1MFJLTzRkQ1ppREItTnZBAAAAAAOnF6sWMUl3VmJYbWxSaEtWYWFITENCNEVPQQAAAAABxmj1FmpzTTk5T09vUmN1Tm5uMkFsZkE0ZEEAAAAAAhRz_RZHM2gySURKa1IwYUJwVEYxamYwTTNBAAAAAAOnF6wWMUl3VmJYbWxSaEtWYWFITENCNEVPQQ==
INFO:root:Next cursor: DnF1ZXJ5VGhlbkZldGNoBgAAAAABvGUrFjdQU3hFX2o5UjItdFNsV01INy03ekEAAAAAAl64CRZHT0JTOXM1MFJLTzRkQ1ppREItTnZBAAAAAAOnF6sWMUl3VmJYbWxSaEtWYWFITENCNEVPQQAAAAABxmj1FmpzTTk5T09vUmN1Tm5uMkFsZkE0ZEEAAAAAAhRz_RZHM2gySURKa1IwYUJwVEYxamYwTTNBAAAAAAOnF6wWMUl3VmJYbWxSaEtWYWFITENCNEVPQQ==
INFO:root:Next cursor: DnF1ZXJ5VGhlbkZldGNoBgAAAAABvGUrFjdQU3hFX2o5UjItdFNsV01INy03ekEAAAAAAl64CRZHT0JTOXM1MFJLTzRkQ1ppREItTnZBAAAAAAOnF6sWMUl3VmJYbWxSaEtWYWFITENCNEVPQQAAAAABxmj1FmpzTTk5T09vUmN1Tm5uMkFsZkE0ZEEAAAAAAhRz_RZHM2gySURKa1IwYUJwVEYxamYwTTNBAAAAAAOnF6wWMUl3VmJYbWxSaEtWYWFITENCNEVPQQ==
INFO:root:Next cursor: DnF1ZXJ5VGhlbkZldGNoBgAAAAABvGUrFjdQU3hFX2o5UjItdFNsV01INy03ekEAAAAAAl64CRZHT0JTOXM1MFJLTzRkQ1ppREItTnZBAAAAAAOnF6sWMUl3VmJYbWxSaEtWYWFITENCNEVPQQAAAAABxmj1FmpzTTk5T09vUmN1Tm5uMkFsZkE0ZEEAAAAAAhRz_RZHM2gySURKa1IwYUJwVEYxamYwTTNBAAAAAAOnF6wWMUl3VmJYbWxSaEtWYWFITENCNEVPQQ==
INFO:root:Fetching DOIs for 2021-10-05...
INFO:root:Next cursor: DnF1ZXJ5VGhlbkZldGNoBgAAAAACLShrFmRDSk83YktTVFlHc1VwRGREbXNvX3cAAAAAAmhqDxZHT0JTOXM1MFJLTzRkQ1ppREItTnZBAAAAAAJdgmsWc3g4bzY3bndRdk9qMGlqbnJhamRBdwAAAAACOcxEFmZJQ3YwNEZEUndxYmpuX0w1ckFocVEAAAAAAhz63xZHM2gySURKa1IwYUJwVEYxamYwTTNBAAAAAAO2AY8WMUl3VmJYbWxSaEtWYWFITENCNEVPQQ==
INFO:root:Fetching DOIs for 2021-10-05...
INFO:root:Next cursor: DnF1ZXJ5VGhlbkZldGNoBgAAAAABw3vwFjdQU3hFX2o5UjItdFNsV01INy03ekEAAAAAAmh0ExZHT0JTOXM1MFJLTzRkQ1ppREItTnZBAAAAAAO2D7kWMUl3VmJYbWxSaEtWYWFITENCNEVPQQAAAAABzaEwFmpzTTk5T09vUmN1Tm5uMkFsZkE0ZEEAAAAAAh0D3xZHM2gySURKa1IwYUJwVEYxamYwTTNBAAAAAAO2D7oWMUl3VmJYbWxSaEtWYWFITENCNEVPQQ==
INFO:root:Fetching DOIs for 2021-10-05...
INFO:root:Fetching DOIs for 2021-10-05...
INFO:root:Next cursor: DnF1ZXJ5VGhlbkZldGNoBgAAAAACLTGgFmRDSk83YktTVFlHc1VwRGREbXNvX3cAAAAAAmh05hZHT0JTOXM1MFJLTzRkQ1ppREItTnZBAAAAAAJdjXEWc3g4bzY3bndRdk9qMGlqbnJhamRBdwAAAAACOdWUFmZJQ3YwNEZEUndxYmpuX0w1ckFocVEAAAAAAh0EkRZHM2gySURKa1IwYUJwVEYxamYwTTNBAAAAAAO2EQMWMUl3VmJYbWxSaEtWYWFITENCNEVPQQ==
